Release 14.7 - xst P.20131013 (nt64)
Copyright (c) 1995-2013 Xilinx, Inc.  All rights reserved.
--> Parameter TMPDIR set to xst/projnav.tmp


Total REAL time to Xst completion: 0.00 secs
Total CPU time to Xst completion: 0.19 secs
 
--> Parameter xsthdpdir set to xst


Total REAL time to Xst completion: 0.00 secs
Total CPU time to Xst completion: 0.19 secs
 
--> Reading design: Root.prj

TABLE OF CONTENTS
  1) Synthesis Options Summary
  2) HDL Parsing
  3) HDL Elaboration
  4) HDL Synthesis
       4.1) HDL Synthesis Report
  5) Advanced HDL Synthesis
       5.1) Advanced HDL Synthesis Report
  6) Low Level Synthesis
  7) Partition Report
  8) Design Summary
       8.1) Primitive and Black Box Usage
       8.2) Device utilization summary
       8.3) Partition Resource Summary
       8.4) Timing Report
            8.4.1) Clock Information
            8.4.2) Asynchronous Control Signals Information
            8.4.3) Timing Summary
            8.4.4) Timing Details
            8.4.5) Cross Clock Domains Report


=========================================================================
*                      Synthesis Options Summary                        *
=========================================================================
---- Source Parameters
Input File Name                    : "Root.prj"
Ignore Synthesis Constraint File   : NO

---- Target Parameters
Output File Name                   : "Root"
Output Format                      : NGC
Target Device                      : xc7a100t-3-csg324

---- Source Options
Top Module Name                    : Root
Automatic FSM Extraction           : YES
FSM Encoding Algorithm             : Auto
Safe Implementation                : No
FSM Style                          : LUT
RAM Extraction                     : Yes
RAM Style                          : Auto
ROM Extraction                     : Yes
Shift Register Extraction          : YES
ROM Style                          : Auto
Resource Sharing                   : YES
Asynchronous To Synchronous        : NO
Shift Register Minimum Size        : 2
Use DSP Block                      : Auto
Automatic Register Balancing       : No

---- Target Options
LUT Combining                      : Auto
Reduce Control Sets                : Auto
Add IO Buffers                     : YES
Global Maximum Fanout              : 100000
Add Generic Clock Buffer(BUFG)     : 32
Register Duplication               : YES
Optimize Instantiated Primitives   : NO
Use Clock Enable                   : Auto
Use Synchronous Set                : Auto
Use Synchronous Reset              : Auto
Pack IO Registers into IOBs        : Auto
Equivalent register Removal        : YES

---- General Options
Optimization Goal                  : Speed
Optimization Effort                : 1
Power Reduction                    : NO
Keep Hierarchy                     : No
Netlist Hierarchy                  : As_Optimized
RTL Output                         : Yes
Global Optimization                : AllClockNets
Read Cores                         : YES
Write Timing Constraints           : NO
Cross Clock Analysis               : NO
Hierarchy Separator                : /
Bus Delimiter                      : <>
Case Specifier                     : Maintain
Slice Utilization Ratio            : 100
BRAM Utilization Ratio             : 100
DSP48 Utilization Ratio            : 100
Auto BRAM Packing                  : NO
Slice Utilization Ratio Delta      : 5

=========================================================================


=========================================================================
*                          HDL Parsing                                  *
=========================================================================
Parsing VHDL file "D:\Study\AUT\Term6\Computer Architecture\VHDL2\Root_Computer\Half_Adder.vhd" into library work
Parsing entity <half_adder>.
Parsing architecture <Behavioral> of entity <half_adder>.
Parsing VHDL file "D:\Study\AUT\Term6\Computer Architecture\VHDL2\Root_Computer\full_adder.vhd" into library work
Parsing entity <Full_adder>.
Parsing architecture <Behavioral> of entity <full_adder>.
Parsing VHDL file "D:\Study\AUT\Term6\Computer Architecture\VHDL2\Root_Computer\CAS.vhd" into library work
Parsing entity <CAS>.
Parsing architecture <Behavioral> of entity <cas>.
Parsing VHDL file "D:\Study\AUT\Term6\Computer Architecture\VHDL2\Root_Computer\Y.vhd" into library work
Parsing entity <Y>.
Parsing architecture <Behavioral> of entity <y>.
Parsing VHDL file "D:\Study\AUT\Term6\Computer Architecture\VHDL2\Root_Computer\X.vhd" into library work
Parsing entity <X>.
Parsing architecture <Behavioral> of entity <x>.
Parsing VHDL file "D:\Study\AUT\Term6\Computer Architecture\VHDL2\Root_Computer\Root.vhd" into library work
Parsing entity <Root>.
Parsing architecture <Behavioral> of entity <root>.

=========================================================================
*                            HDL Elaboration                            *
=========================================================================

Elaborating entity <Root> (architecture <Behavioral>) from library <work>.

Elaborating entity <X> (architecture <Behavioral>) from library <work>.

Elaborating entity <CAS> (architecture <Behavioral>) from library <work>.

Elaborating entity <Full_adder> (architecture <Behavioral>) from library <work>.

Elaborating entity <half_adder> (architecture <Behavioral>) from library <work>.

Elaborating entity <Y> (architecture <Behavioral>) from library <work>.

=========================================================================
*                           HDL Synthesis                               *
=========================================================================

Synthesizing Unit <Root>.
    Related source file is "D:\Study\AUT\Term6\Computer Architecture\VHDL2\Root_Computer\Root.vhd".
INFO:Xst:3210 - "D:\Study\AUT\Term6\Computer Architecture\VHDL2\Root_Computer\Root.vhd" line 70: Output port <R0> of the instance <X_row1> is unconnected or connected to loadless signal.
INFO:Xst:3210 - "D:\Study\AUT\Term6\Computer Architecture\VHDL2\Root_Computer\Root.vhd" line 70: Output port <R1> of the instance <X_row1> is unconnected or connected to loadless signal.
INFO:Xst:3210 - "D:\Study\AUT\Term6\Computer Architecture\VHDL2\Root_Computer\Root.vhd" line 75: Output port <S11> of the instance <Y_row2> is unconnected or connected to loadless signal.
INFO:Xst:3210 - "D:\Study\AUT\Term6\Computer Architecture\VHDL2\Root_Computer\Root.vhd" line 75: Output port <S21> of the instance <Y_row2> is unconnected or connected to loadless signal.
INFO:Xst:3210 - "D:\Study\AUT\Term6\Computer Architecture\VHDL2\Root_Computer\Root.vhd" line 81: Output port <S11> of the instance <Y1_row3> is unconnected or connected to loadless signal.
INFO:Xst:3210 - "D:\Study\AUT\Term6\Computer Architecture\VHDL2\Root_Computer\Root.vhd" line 81: Output port <S21> of the instance <Y1_row3> is unconnected or connected to loadless signal.
INFO:Xst:3210 - "D:\Study\AUT\Term6\Computer Architecture\VHDL2\Root_Computer\Root.vhd" line 88: Output port <DO1> of the instance <Y1_row4> is unconnected or connected to loadless signal.
INFO:Xst:3210 - "D:\Study\AUT\Term6\Computer Architecture\VHDL2\Root_Computer\Root.vhd" line 88: Output port <DO2> of the instance <Y1_row4> is unconnected or connected to loadless signal.
INFO:Xst:3210 - "D:\Study\AUT\Term6\Computer Architecture\VHDL2\Root_Computer\Root.vhd" line 88: Output port <S11> of the instance <Y1_row4> is unconnected or connected to loadless signal.
INFO:Xst:3210 - "D:\Study\AUT\Term6\Computer Architecture\VHDL2\Root_Computer\Root.vhd" line 89: Output port <DO1> of the instance <Y2_row4> is unconnected or connected to loadless signal.
INFO:Xst:3210 - "D:\Study\AUT\Term6\Computer Architecture\VHDL2\Root_Computer\Root.vhd" line 89: Output port <DO2> of the instance <Y2_row4> is unconnected or connected to loadless signal.
INFO:Xst:3210 - "D:\Study\AUT\Term6\Computer Architecture\VHDL2\Root_Computer\Root.vhd" line 90: Output port <DO1> of the instance <Y3_row4> is unconnected or connected to loadless signal.
INFO:Xst:3210 - "D:\Study\AUT\Term6\Computer Architecture\VHDL2\Root_Computer\Root.vhd" line 90: Output port <DO2> of the instance <Y3_row4> is unconnected or connected to loadless signal.
INFO:Xst:3210 - "D:\Study\AUT\Term6\Computer Architecture\VHDL2\Root_Computer\Root.vhd" line 91: Output port <DO1> of the instance <X_row4> is unconnected or connected to loadless signal.
INFO:Xst:3210 - "D:\Study\AUT\Term6\Computer Architecture\VHDL2\Root_Computer\Root.vhd" line 91: Output port <DO2> of the instance <X_row4> is unconnected or connected to loadless signal.
    Summary:
	no macro.
Unit <Root> synthesized.

Synthesizing Unit <X>.
    Related source file is "D:\Study\AUT\Term6\Computer Architecture\VHDL2\Root_Computer\X.vhd".
INFO:Xst:3210 - "D:\Study\AUT\Term6\Computer Architecture\VHDL2\Root_Computer\X.vhd" line 49: Output port <Dout> of the instance <CAS_a> is unconnected or connected to loadless signal.
INFO:Xst:3210 - "D:\Study\AUT\Term6\Computer Architecture\VHDL2\Root_Computer\X.vhd" line 50: Output port <Dout> of the instance <CAS_b> is unconnected or connected to loadless signal.
INFO:Xst:3210 - "D:\Study\AUT\Term6\Computer Architecture\VHDL2\Root_Computer\X.vhd" line 51: Output port <Dout> of the instance <CAS_c> is unconnected or connected to loadless signal.
INFO:Xst:3210 - "D:\Study\AUT\Term6\Computer Architecture\VHDL2\Root_Computer\X.vhd" line 52: Output port <Dout> of the instance <CAS_d> is unconnected or connected to loadless signal.
INFO:Xst:3210 - "D:\Study\AUT\Term6\Computer Architecture\VHDL2\Root_Computer\X.vhd" line 53: Output port <Dout> of the instance <CAS_e> is unconnected or connected to loadless signal.
INFO:Xst:3210 - "D:\Study\AUT\Term6\Computer Architecture\VHDL2\Root_Computer\X.vhd" line 54: Output port <Dout> of the instance <CAS_f> is unconnected or connected to loadless signal.
INFO:Xst:3210 - "D:\Study\AUT\Term6\Computer Architecture\VHDL2\Root_Computer\X.vhd" line 55: Output port <Dout> of the instance <CAS_g> is unconnected or connected to loadless signal.
    Summary:
	no macro.
Unit <X> synthesized.

Synthesizing Unit <CAS>.
    Related source file is "D:\Study\AUT\Term6\Computer Architecture\VHDL2\Root_Computer\CAS.vhd".
    Summary:
Unit <CAS> synthesized.

Synthesizing Unit <Full_adder>.
    Related source file is "D:\Study\AUT\Term6\Computer Architecture\VHDL2\Root_Computer\full_adder.vhd".
    Summary:
	no macro.
Unit <Full_adder> synthesized.

Synthesizing Unit <half_adder>.
    Related source file is "D:\Study\AUT\Term6\Computer Architecture\VHDL2\Root_Computer\Half_Adder.vhd".
    Summary:
Unit <half_adder> synthesized.

Synthesizing Unit <Y>.
    Related source file is "D:\Study\AUT\Term6\Computer Architecture\VHDL2\Root_Computer\Y.vhd".
INFO:Xst:3210 - "D:\Study\AUT\Term6\Computer Architecture\VHDL2\Root_Computer\Y.vhd" line 46: Output port <Dout> of the instance <CAS_h> is unconnected or connected to loadless signal.
INFO:Xst:3210 - "D:\Study\AUT\Term6\Computer Architecture\VHDL2\Root_Computer\Y.vhd" line 47: Output port <Dout> of the instance <CAS_i> is unconnected or connected to loadless signal.
INFO:Xst:3210 - "D:\Study\AUT\Term6\Computer Architecture\VHDL2\Root_Computer\Y.vhd" line 48: Output port <Dout> of the instance <CAS_j> is unconnected or connected to loadless signal.
INFO:Xst:3210 - "D:\Study\AUT\Term6\Computer Architecture\VHDL2\Root_Computer\Y.vhd" line 49: Output port <Dout> of the instance <CAS_k> is unconnected or connected to loadless signal.
    Summary:
	no macro.
Unit <Y> synthesized.

=========================================================================
HDL Synthesis Report

Macro Statistics
# Xors                                                 : 156
 1-bit xor2                                            : 156

=========================================================================

=========================================================================
*                       Advanced HDL Synthesis                          *
=========================================================================


=========================================================================
Advanced HDL Synthesis Report

Macro Statistics
# Xors                                                 : 156
 1-bit xor2                                            : 156

=========================================================================

=========================================================================
*                         Low Level Synthesis                           *
=========================================================================

Optimizing unit <Root> ...

Mapping all equations...
Building and optimizing final netlist ...
Found area constraint ratio of 100 (+ 5) on block Root, actual ratio is 0.

Final Macro Processing ...

=========================================================================
Final Register Report

Found no macro
=========================================================================

=========================================================================
*                           Partition Report                            *
=========================================================================

Partition Implementation Status
-------------------------------

  No Partitions were found in this design.

-------------------------------

=========================================================================
*                            Design Summary                             *
=========================================================================

Top Level Output File Name         : Root.ngc

Primitive and Black Box Usage:
------------------------------
# BELS                             : 55
#      INV                         : 1
#      LUT2                        : 4
#      LUT3                        : 10
#      LUT4                        : 10
#      LUT5                        : 5
#      LUT6                        : 25
# IO Buffers                       : 34
#      IBUF                        : 16
#      OBUF                        : 18

Device utilization summary:
---------------------------

Selected Device : 7a100tcsg324-3 


Slice Logic Utilization: 
 Number of Slice LUTs:                   55  out of  63400     0%  
    Number used as Logic:                55  out of  63400     0%  

Slice Logic Distribution: 
 Number of LUT Flip Flop pairs used:     55
   Number with an unused Flip Flop:      55  out of     55   100%  
   Number with an unused LUT:             0  out of     55     0%  
   Number of fully used LUT-FF pairs:     0  out of     55     0%  
   Number of unique control sets:         0

IO Utilization: 
 Number of IOs:                          40
 Number of bonded IOBs:                  34  out of    210    16%  

Specific Feature Utilization:

---------------------------
Partition Resource Summary:
---------------------------

  No Partitions were found in this design.

---------------------------


=========================================================================
Timing Report

NOTE: THESE TIMING NUMBERS ARE ONLY A SYNTHESIS ESTIMATE.
      FOR ACCURATE TIMING INFORMATION PLEASE REFER TO THE TRACE REPORT
      GENERATED AFTER PLACE-and-ROUTE.

Clock Information:
------------------
No clock signals found in this design

Asynchronous Control Signals Information:
----------------------------------------
No asynchronous control signals found in this design

Timing Summary:
---------------
Speed Grade: -3

   Minimum period: No path found
   Minimum input arrival time before clock: No path found
   Maximum output required time after clock: No path found
   Maximum combinational path delay: 11.822ns

Timing Details:
---------------
All values displayed in nanoseconds (ns)

=========================================================================
Timing constraint: Default path analysis
  Total number of paths / destination ports: 126262 / 18
-------------------------------------------------------------------------
Delay:               11.822ns (Levels of Logic = 19)
  Source:            A<2> (PAD)
  Destination:       q<8> (PAD)

  Data Path: A<2> to q<8>
                                Gate     Net
    Cell:in->out      fanout   Delay   Delay  Logical Name (Net Name)
    ----------------------------------------  ------------
     IBUF:I->O             9   0.001   0.730  A_2_IBUF (A_2_IBUF)
     LUT6:I0->O            2   0.097   0.516  X_row2/CAS_d/Mxor_T_xo<0>1 (X_row2/CAS_d/T)
     LUT5:I2->O            2   0.097   0.688  X_row2/CAS_d/fa1/carrout1 (CO2_X_row<2>)
     LUT6:I1->O           15   0.097   0.621  Y_row2/CAS_j/fa1/carrout (Y1_row3/CAS_h/T)
     LUT5:I1->O            2   0.097   0.688  Y2_row3/CAS_h/Mxor_T_xo<0>1 (Y2_row3/CAS_h/T)
     LUT5:I0->O            2   0.097   0.688  Y2_row3/CAS_h/fa1/carrout1 (CO1_Y2_row<3>)
     LUT6:I1->O           12   0.097   0.607  Y1_row3/CAS_h/fa1/carrout1 (Y1_row3/CAS_j/T)
     LUT6:I2->O            2   0.097   0.561  Y2_row3/CAS_k/fa1/carrout1 (Y2_row3/Cout_k)
     LUT4:I0->O            2   0.097   0.688  Y2_row3/CAS_j/fa1/carrout1 (CO2_Y2_row<3>)
     LUT6:I1->O           13   0.097   0.351  Y1_row3/CAS_j/fa1/carrout1 (Y1_row4/CAS_h/T)
     LUT6:I5->O            3   0.097   0.389  Y3_row4/CAS_i/fa1/carrout1 (Y3_row4/Cout_i)
     LUT6:I4->O            3   0.097   0.521  Y2_row4/CAS_i/fa1/carrout1 (Y2_row4/Cout_i)
     LUT4:I1->O            1   0.097   0.683  Y2_row4/CAS_h/fa1/carrout1 (CO1_Y2_row<4>)
     LUT6:I1->O           12   0.097   0.607  Y1_row4/CAS_h/fa1/carrout1 (Y1_row4/CAS_j/T)
     LUT6:I2->O            3   0.097   0.521  Y3_row4/CAS_k/fa1/carrout1 (Y3_row4/Cout_k)
     LUT6:I3->O            3   0.097   0.521  Y2_row4/CAS_k/fa1/carrout1 (Y2_row4/Cout_k)
     LUT6:I3->O            2   0.097   0.515  Y1_row4/CAS_k/fa1/carrout1 (Y1_row4/Cout_k)
     LUT3:I0->O            1   0.097   0.279  Y1_row4/CAS_j/fa1/carrout1 (q_8_OBUF)
     OBUF:I->O                 0.000          q_8_OBUF (q<8>)
    ----------------------------------------
    Total                     11.822ns (1.650ns logic, 10.172ns route)
                                       (14.0% logic, 86.0% route)

=========================================================================

Cross Clock Domains Report:
--------------------------

=========================================================================


Total REAL time to Xst completion: 20.00 secs
Total CPU time to Xst completion: 20.27 secs
 
--> 

Total memory usage is 4617772 kilobytes

Number of errors   :    0 (   0 filtered)
Number of warnings :    0 (   0 filtered)
Number of infos    :   26 (   0 filtered)

