Release 14.7 - xst P.20131013 (nt64)
Copyright (c) 1995-2013 Xilinx, Inc.  All rights reserved.
--> Parameter TMPDIR set to xst/projnav.tmp


Total REAL time to Xst completion: 0.00 secs
Total CPU time to Xst completion: 0.22 secs
 
--> Parameter xsthdpdir set to xst


Total REAL time to Xst completion: 0.00 secs
Total CPU time to Xst completion: 0.22 secs
 
--> Reading design: Y.prj

TABLE OF CONTENTS
  1) Synthesis Options Summary
  2) HDL Parsing
  3) HDL Elaboration
  4) HDL Synthesis
       4.1) HDL Synthesis Report
  5) Advanced HDL Synthesis
       5.1) Advanced HDL Synthesis Report
  6) Low Level Synthesis
  7) Partition Report
  8) Design Summary
       8.1) Primitive and Black Box Usage
       8.2) Device utilization summary
       8.3) Partition Resource Summary
       8.4) Timing Report
            8.4.1) Clock Information
            8.4.2) Asynchronous Control Signals Information
            8.4.3) Timing Summary
            8.4.4) Timing Details
            8.4.5) Cross Clock Domains Report


=========================================================================
*                      Synthesis Options Summary                        *
=========================================================================
---- Source Parameters
Input File Name                    : "Y.prj"
Ignore Synthesis Constraint File   : NO

---- Target Parameters
Output File Name                   : "Y"
Output Format                      : NGC
Target Device                      : xc7a100t-3-csg324

---- Source Options
Top Module Name                    : Y
Automatic FSM Extraction           : YES
FSM Encoding Algorithm             : Auto
Safe Implementation                : No
FSM Style                          : LUT
RAM Extraction                     : Yes
RAM Style                          : Auto
ROM Extraction                     : Yes
Shift Register Extraction          : YES
ROM Style                          : Auto
Resource Sharing                   : YES
Asynchronous To Synchronous        : NO
Shift Register Minimum Size        : 2
Use DSP Block                      : Auto
Automatic Register Balancing       : No

---- Target Options
LUT Combining                      : Auto
Reduce Control Sets                : Auto
Add IO Buffers                     : YES
Global Maximum Fanout              : 100000
Add Generic Clock Buffer(BUFG)     : 32
Register Duplication               : YES
Optimize Instantiated Primitives   : NO
Use Clock Enable                   : Auto
Use Synchronous Set                : Auto
Use Synchronous Reset              : Auto
Pack IO Registers into IOBs        : Auto
Equivalent register Removal        : YES

---- General Options
Optimization Goal                  : Speed
Optimization Effort                : 1
Power Reduction                    : NO
Keep Hierarchy                     : No
Netlist Hierarchy                  : As_Optimized
RTL Output                         : Yes
Global Optimization                : AllClockNets
Read Cores                         : YES
Write Timing Constraints           : NO
Cross Clock Analysis               : NO
Hierarchy Separator                : /
Bus Delimiter                      : <>
Case Specifier                     : Maintain
Slice Utilization Ratio            : 100
BRAM Utilization Ratio             : 100
DSP48 Utilization Ratio            : 100
Auto BRAM Packing                  : NO
Slice Utilization Ratio Delta      : 5

=========================================================================


=========================================================================
*                          HDL Parsing                                  *
=========================================================================
Parsing VHDL file "D:\Study\AUT\Term6\Computer Architecture\VHDL2\Root_Computer\Half_Adder.vhd" into library work
Parsing entity <half_adder>.
Parsing architecture <Behavioral> of entity <half_adder>.
Parsing VHDL file "D:\Study\AUT\Term6\Computer Architecture\VHDL2\Root_Computer\full_adder.vhd" into library work
Parsing entity <Full_adder>.
Parsing architecture <Behavioral> of entity <full_adder>.
Parsing VHDL file "D:\Study\AUT\Term6\Computer Architecture\VHDL2\Root_Computer\CAS.vhd" into library work
Parsing entity <CAS>.
Parsing architecture <Behavioral> of entity <cas>.
Parsing VHDL file "D:\Study\AUT\Term6\Computer Architecture\VHDL2\Root_Computer\Y.vhd" into library work
Parsing entity <Y>.
Parsing architecture <Behavioral> of entity <y>.

=========================================================================
*                            HDL Elaboration                            *
=========================================================================

Elaborating entity <Y> (architecture <Behavioral>) from library <work>.

Elaborating entity <CAS> (architecture <Behavioral>) from library <work>.

Elaborating entity <Full_adder> (architecture <Behavioral>) from library <work>.

Elaborating entity <half_adder> (architecture <Behavioral>) from library <work>.

=========================================================================
*                           HDL Synthesis                               *
=========================================================================

Synthesizing Unit <Y>.
    Related source file is "D:\Study\AUT\Term6\Computer Architecture\VHDL2\Root_Computer\Y.vhd".
INFO:Xst:3210 - "D:\Study\AUT\Term6\Computer Architecture\VHDL2\Root_Computer\Y.vhd" line 46: Output port <Dout> of the instance <CAS_h> is unconnected or connected to loadless signal.
INFO:Xst:3210 - "D:\Study\AUT\Term6\Computer Architecture\VHDL2\Root_Computer\Y.vhd" line 47: Output port <Dout> of the instance <CAS_i> is unconnected or connected to loadless signal.
INFO:Xst:3210 - "D:\Study\AUT\Term6\Computer Architecture\VHDL2\Root_Computer\Y.vhd" line 48: Output port <Dout> of the instance <CAS_j> is unconnected or connected to loadless signal.
INFO:Xst:3210 - "D:\Study\AUT\Term6\Computer Architecture\VHDL2\Root_Computer\Y.vhd" line 49: Output port <Dout> of the instance <CAS_k> is unconnected or connected to loadless signal.
    Summary:
	no macro.
Unit <Y> synthesized.

Synthesizing Unit <CAS>.
    Related source file is "D:\Study\AUT\Term6\Computer Architecture\VHDL2\Root_Computer\CAS.vhd".
    Summary:
Unit <CAS> synthesized.

Synthesizing Unit <Full_adder>.
    Related source file is "D:\Study\AUT\Term6\Computer Architecture\VHDL2\Root_Computer\full_adder.vhd".
    Summary:
	no macro.
Unit <Full_adder> synthesized.

Synthesizing Unit <half_adder>.
    Related source file is "D:\Study\AUT\Term6\Computer Architecture\VHDL2\Root_Computer\Half_Adder.vhd".
    Summary:
Unit <half_adder> synthesized.

=========================================================================
HDL Synthesis Report

Macro Statistics
# Xors                                                 : 12
 1-bit xor2                                            : 12

=========================================================================

=========================================================================
*                       Advanced HDL Synthesis                          *
=========================================================================


=========================================================================
Advanced HDL Synthesis Report

Macro Statistics
# Xors                                                 : 12
 1-bit xor2                                            : 12

=========================================================================

=========================================================================
*                         Low Level Synthesis                           *
=========================================================================

Optimizing unit <Y> ...

Mapping all equations...
Building and optimizing final netlist ...
Found area constraint ratio of 100 (+ 5) on block Y, actual ratio is 0.

Final Macro Processing ...

=========================================================================
Final Register Report

Found no macro
=========================================================================

=========================================================================
*                           Partition Report                            *
=========================================================================

Partition Implementation Status
-------------------------------

  No Partitions were found in this design.

-------------------------------

=========================================================================
*                            Design Summary                             *
=========================================================================

Top Level Output File Name         : Y.ngc

Primitive and Black Box Usage:
------------------------------
# BELS                             : 6
#      LUT4                        : 2
#      LUT6                        : 4
# IO Buffers                       : 18
#      IBUF                        : 9
#      OBUF                        : 9

Device utilization summary:
---------------------------

Selected Device : 7a100tcsg324-3 


Slice Logic Utilization: 
 Number of Slice LUTs:                    6  out of  63400     0%  
    Number used as Logic:                 6  out of  63400     0%  

Slice Logic Distribution: 
 Number of LUT Flip Flop pairs used:      6
   Number with an unused Flip Flop:       6  out of      6   100%  
   Number with an unused LUT:             0  out of      6     0%  
   Number of fully used LUT-FF pairs:     0  out of      6     0%  
   Number of unique control sets:         0

IO Utilization: 
 Number of IOs:                          18
 Number of bonded IOBs:                  18  out of    210     8%  

Specific Feature Utilization:

---------------------------
Partition Resource Summary:
---------------------------

  No Partitions were found in this design.

---------------------------


=========================================================================
Timing Report

NOTE: THESE TIMING NUMBERS ARE ONLY A SYNTHESIS ESTIMATE.
      FOR ACCURATE TIMING INFORMATION PLEASE REFER TO THE TRACE REPORT
      GENERATED AFTER PLACE-and-ROUTE.

Clock Information:
------------------
No clock signals found in this design

Asynchronous Control Signals Information:
----------------------------------------
No asynchronous control signals found in this design

Timing Summary:
---------------
Speed Grade: -3

   Minimum period: No path found
   Minimum input arrival time before clock: No path found
   Maximum output required time after clock: No path found
   Maximum combinational path delay: 1.424ns

Timing Details:
---------------
All values displayed in nanoseconds (ns)

=========================================================================
Timing constraint: Default path analysis
  Total number of paths / destination ports: 38 / 9
-------------------------------------------------------------------------
Delay:               1.424ns (Levels of Logic = 4)
  Source:            A12 (PAD)
  Destination:       CO2 (PAD)

  Data Path: A12 to CO2
                                Gate     Net
    Cell:in->out      fanout   Delay   Delay  Logical Name (Net Name)
    ----------------------------------------  ------------
     IBUF:I->O             3   0.001   0.566  A12_IBUF (A12_IBUF)
     LUT4:I0->O            2   0.097   0.383  CAS_i/fa1/ha2/Mxor_s_xo<0>1 (R_i)
     LUT6:I4->O            1   0.097   0.279  CAS_j/fa1/carrout1 (CO2_OBUF)
     OBUF:I->O                 0.000          CO2_OBUF (CO2)
    ----------------------------------------
    Total                      1.424ns (0.195ns logic, 1.229ns route)
                                       (13.7% logic, 86.3% route)

=========================================================================

Cross Clock Domains Report:
--------------------------

=========================================================================


Total REAL time to Xst completion: 17.00 secs
Total CPU time to Xst completion: 16.89 secs
 
--> 

Total memory usage is 4617832 kilobytes

Number of errors   :    0 (   0 filtered)
Number of warnings :    0 (   0 filtered)
Number of infos    :    4 (   0 filtered)

